<?xml version="1.0" encoding="UTF-8"?>
<testsuite xmlns:xsi="http://www.w3.org/2001/XMLSchema-instance" xsi:noNamespaceSchemaLocation="https://maven.apache.org/surefire/maven-surefire-plugin/xsd/surefire-test-report.xsd" name="TestSuite" time="2.162" tests="2" errors="0" skipped="0" failures="0">
  <properties>
    <property name="sun.desktop" value="windows"/>
    <property name="awt.toolkit" value="sun.awt.windows.WToolkit"/>
    <property name="java.specification.version" value="11"/>
    <property name="sun.cpu.isalist" value="amd64"/>
    <property name="sun.jnu.encoding" value="Cp1250"/>
    <property name="java.class.path" value="C:\Users\hvozd\OneDrive\Počítač\projects\evolveum\connector-neo4j\target\test-classes;C:\Users\hvozd\OneDrive\Počítač\projects\evolveum\connector-neo4j\target\classes;C:\Users\hvozd\.m2\repository\org\neo4j\driver\neo4j-java-driver\4.2.1\neo4j-java-driver-4.2.1.jar;C:\Users\hvozd\.m2\repository\org\reactivestreams\reactive-streams\1.0.3\reactive-streams-1.0.3.jar;C:\Users\hvozd\.m2\repository\org\apache\maven\plugins\maven-assembly-plugin\2.3\maven-assembly-plugin-2.3.jar;C:\Users\hvozd\.m2\repository\org\apache\maven\maven-plugin-api\2.2.1\maven-plugin-api-2.2.1.jar;C:\Users\hvozd\.m2\repository\org\apache\maven\maven-core\2.2.1\maven-core-2.2.1.jar;C:\Users\hvozd\.m2\repository\org\apache\maven\maven-settings\2.2.1\maven-settings-2.2.1.jar;C:\Users\hvozd\.m2\repository\org\apache\maven\wagon\wagon-file\1.0-beta-6\wagon-file-1.0-beta-6.jar;C:\Users\hvozd\.m2\repository\org\apache\maven\maven-plugin-parameter-documenter\2.2.1\maven-plugin-parameter-documenter-2.2.1.jar;C:\Users\hvozd\.m2\repository\org\apache\maven\wagon\wagon-http-lightweight\1.0-beta-6\wagon-http-lightweight-1.0-beta-6.jar;C:\Users\hvozd\.m2\repository\org\apache\maven\wagon\wagon-http-shared\1.0-beta-6\wagon-http-shared-1.0-beta-6.jar;C:\Users\hvozd\.m2\repository\nekohtml\xercesMinimal\1.9.6.2\xercesMinimal-1.9.6.2.jar;C:\Users\hvozd\.m2\repository\nekohtml\nekohtml\1.9.6.2\nekohtml-1.9.6.2.jar;C:\Users\hvozd\.m2\repository\org\apache\maven\wagon\wagon-http\1.0-beta-6\wagon-http-1.0-beta-6.jar;C:\Users\hvozd\.m2\repository\org\apache\maven\wagon\wagon-webdav-jackrabbit\1.0-beta-6\wagon-webdav-jackrabbit-1.0-beta-6.jar;C:\Users\hvozd\.m2\repository\org\apache\jackrabbit\jackrabbit-webdav\1.5.0\jackrabbit-webdav-1.5.0.jar;C:\Users\hvozd\.m2\repository\org\apache\jackrabbit\jackrabbit-jcr-commons\1.5.0\jackrabbit-jcr-commons-1.5.0.jar;C:\Users\hvozd\.m2\repository\commons-httpclient\commons-httpclient\3.0\commons-httpclient-3.0.jar;C:\Users\hvozd\.m2\repository\commons-codec\commons-codec\1.2\commons-codec-1.2.jar;C:\Users\hvozd\.m2\repository\org\slf4j\slf4j-nop\1.5.3\slf4j-nop-1.5.3.jar;C:\Users\hvozd\.m2\repository\org\slf4j\slf4j-jdk14\1.5.6\slf4j-jdk14-1.5.6.jar;C:\Users\hvozd\.m2\repository\org\slf4j\slf4j-api\1.5.6\slf4j-api-1.5.6.jar;C:\Users\hvozd\.m2\repository\org\slf4j\jcl-over-slf4j\1.5.6\jcl-over-slf4j-1.5.6.jar;C:\Users\hvozd\.m2\repository\org\apache\maven\reporting\maven-reporting-api\2.2.1\maven-reporting-api-2.2.1.jar;C:\Users\hvozd\.m2\repository\org\apache\maven\doxia\doxia-sink-api\1.1\doxia-sink-api-1.1.jar;C:\Users\hvozd\.m2\repository\org\apache\maven\doxia\doxia-logging-api\1.1\doxia-logging-api-1.1.jar;C:\Users\hvozd\.m2\repository\org\apache\maven\maven-profile\2.2.1\maven-profile-2.2.1.jar;C:\Users\hvozd\.m2\repository\org\apache\maven\wagon\wagon-provider-api\1.0-beta-6\wagon-provider-api-1.0-beta-6.jar;C:\Users\hvozd\.m2\repository\org\apache\maven\maven-repository-metadata\2.2.1\maven-repository-metadata-2.2.1.jar;C:\Users\hvozd\.m2\repository\org\apache\maven\maven-error-diagnostics\2.2.1\maven-error-diagnostics-2.2.1.jar;C:\Users\hvozd\.m2\repository\commons-cli\commons-cli\1.2\commons-cli-1.2.jar;C:\Users\hvozd\.m2\repository\org\apache\maven\wagon\wagon-ssh-external\1.0-beta-6\wagon-ssh-external-1.0-beta-6.jar;C:\Users\hvozd\.m2\repository\org\apache\maven\wagon\wagon-ssh-common\1.0-beta-6\wagon-ssh-common-1.0-beta-6.jar;C:\Users\hvozd\.m2\repository\org\apache\maven\maven-plugin-descriptor\2.2.1\maven-plugin-descriptor-2.2.1.jar;C:\Users\hvozd\.m2\repository\org\codehaus\plexus\plexus-interactivity-api\1.0-alpha-4\plexus-interactivity-api-1.0-alpha-4.jar;C:\Users\hvozd\.m2\repository\org\apache\maven\maven-artifact-manager\2.2.1\maven-artifact-manager-2.2.1.jar;C:\Users\hvozd\.m2\repository\backport-util-concurrent\backport-util-concurrent\3.1\backport-util-concurrent-3.1.jar;C:\Users\hvozd\.m2\repository\org\apache\maven\maven-monitor\2.2.1\maven-monitor-2.2.1.jar;C:\Users\hvozd\.m2\repository\org\apache\maven\wagon\wagon-ssh\1.0-beta-6\wagon-ssh-1.0-beta-6.jar;C:\Users\hvozd\.m2\repository\com\jcraft\jsch\0.1.38\jsch-0.1.38.jar;C:\Users\hvozd\.m2\repository\classworlds\classworlds\1.1\classworlds-1.1.jar;C:\Users\hvozd\.m2\repository\org\sonatype\plexus\plexus-sec-dispatcher\1.3\plexus-sec-dispatcher-1.3.jar;C:\Users\hvozd\.m2\repository\org\sonatype\plexus\plexus-cipher\1.4\plexus-cipher-1.4.jar;C:\Users\hvozd\.m2\repository\org\apache\maven\maven-project\2.2.1\maven-project-2.2.1.jar;C:\Users\hvozd\.m2\repository\org\apache\maven\maven-plugin-registry\2.2.1\maven-plugin-registry-2.2.1.jar;C:\Users\hvozd\.m2\repository\org\apache\maven\maven-artifact\2.2.1\maven-artifact-2.2.1.jar;C:\Users\hvozd\.m2\repository\org\apache\maven\maven-model\2.2.1\maven-model-2.2.1.jar;C:\Users\hvozd\.m2\repository\org\apache\maven\shared\maven-common-artifact-filters\1.4\maven-common-artifact-filters-1.4.jar;C:\Users\hvozd\.m2\repository\org\codehaus\plexus\plexus-interpolation\1.15\plexus-interpolation-1.15.jar;C:\Users\hvozd\.m2\repository\org\codehaus\plexus\plexus-archiver\2.1\plexus-archiver-2.1.jar;C:\Users\hvozd\.m2\repository\org\apache\maven\shared\file-management\1.1\file-management-1.1.jar;C:\Users\hvozd\.m2\repository\org\apache\maven\shared\maven-shared-io\1.1\maven-shared-io-1.1.jar;C:\Users\hvozd\.m2\repository\org\apache\maven\shared\maven-filtering\1.0\maven-filtering-1.0.jar;C:\Users\hvozd\.m2\repository\org\sonatype\plexus\plexus-build-api\0.0.4\plexus-build-api-0.0.4.jar;C:\Users\hvozd\.m2\repository\org\codehaus\plexus\plexus-io\2.0.2\plexus-io-2.0.2.jar;C:\Users\hvozd\.m2\repository\org\apache\maven\maven-archiver\2.5\maven-archiver-2.5.jar;C:\Users\hvozd\.m2\repository\org\codehaus\plexus\plexus-container-default\1.0-alpha-9-stable-1\plexus-container-default-1.0-alpha-9-stable-1.jar;C:\Users\hvozd\.m2\repository\junit\junit\3.8.1\junit-3.8.1.jar;C:\Users\hvozd\.m2\repository\org\codehaus\plexus\plexus-utils\3.0\plexus-utils-3.0.jar;C:\Users\hvozd\.m2\repository\org\apache\maven\shared\maven-repository-builder\1.0-alpha-2\maven-repository-builder-1.0-alpha-2.jar;C:\Users\hvozd\.m2\repository\net\tirasa\connid\connector-framework\1.5.0.17\connector-framework-1.5.0.17.jar;C:\Users\hvozd\.m2\repository\net\tirasa\connid\connector-framework-internal\1.5.0.17\connector-framework-internal-1.5.0.17.jar;C:\Users\hvozd\.m2\repository\org\testng\testng\7.4.0\testng-7.4.0.jar;C:\Users\hvozd\.m2\repository\com\beust\jcommander\1.78\jcommander-1.78.jar;C:\Users\hvozd\.m2\repository\org\webjars\jquery\3.5.1\jquery-3.5.1.jar;C:\Users\hvozd\.m2\repository\com\google\code\gson\gson\2.8.7\gson-2.8.7.jar;C:\Users\hvozd\.m2\repository\net\tirasa\connid\connector-test-common\1.4.2.35\connector-test-common-1.4.2.35.jar;C:\Users\hvozd\.m2\repository\commons-io\commons-io\2.4\commons-io-2.4.jar;C:\Users\hvozd\.m2\repository\net\tirasa\connid\connector-framework-contract\1.4.2.35\connector-framework-contract-1.4.2.35.jar;C:\Users\hvozd\.m2\repository\org\codehaus\groovy\groovy-all\2.4.11\groovy-all-2.4.11.jar;C:\Users\hvozd\.m2\repository\com\google\inject\guice\3.0\guice-3.0.jar;C:\Users\hvozd\.m2\repository\javax\inject\javax.inject\1\javax.inject-1.jar;C:\Users\hvozd\.m2\repository\aopalliance\aopalliance\1.0\aopalliance-1.0.jar;"/>
    <property name="java.vm.vendor" value="Oracle Corporation"/>
    <property name="sun.arch.data.model" value="64"/>
    <property name="user.variant" value=""/>
    <property name="java.vendor.url" value="https://openjdk.java.net/"/>
    <property name="user.timezone" value="Europe/Prague"/>
    <property name="java.vm.specification.version" value="11"/>
    <property name="os.name" value="Windows 10"/>
    <property name="sun.java.launcher" value="SUN_STANDARD"/>
    <property name="user.country" value="SK"/>
    <property name="sun.boot.library.path" value="C:\Program Files\Java\jdk-11.0.12\bin"/>
    <property name="sun.java.command" value="C:\Users\hvozd\AppData\Local\Temp\surefire6638531829584080129\surefirebooter12841877833695239786.jar C:\Users\hvozd\AppData\Local\Temp\surefire6638531829584080129 2021-08-31T15-04-47_178-jvmRun1 surefire15098252825727459672tmp surefire_01946126050193354286tmp"/>
    <property name="jdk.debug" value="release"/>
    <property name="surefire.test.class.path" value="C:\Users\hvozd\OneDrive\Počítač\projects\evolveum\connector-neo4j\target\test-classes;C:\Users\hvozd\OneDrive\Počítač\projects\evolveum\connector-neo4j\target\classes;C:\Users\hvozd\.m2\repository\org\neo4j\driver\neo4j-java-driver\4.2.1\neo4j-java-driver-4.2.1.jar;C:\Users\hvozd\.m2\repository\org\reactivestreams\reactive-streams\1.0.3\reactive-streams-1.0.3.jar;C:\Users\hvozd\.m2\repository\org\apache\maven\plugins\maven-assembly-plugin\2.3\maven-assembly-plugin-2.3.jar;C:\Users\hvozd\.m2\repository\org\apache\maven\maven-plugin-api\2.2.1\maven-plugin-api-2.2.1.jar;C:\Users\hvozd\.m2\repository\org\apache\maven\maven-core\2.2.1\maven-core-2.2.1.jar;C:\Users\hvozd\.m2\repository\org\apache\maven\maven-settings\2.2.1\maven-settings-2.2.1.jar;C:\Users\hvozd\.m2\repository\org\apache\maven\wagon\wagon-file\1.0-beta-6\wagon-file-1.0-beta-6.jar;C:\Users\hvozd\.m2\repository\org\apache\maven\maven-plugin-parameter-documenter\2.2.1\maven-plugin-parameter-documenter-2.2.1.jar;C:\Users\hvozd\.m2\repository\org\apache\maven\wagon\wagon-http-lightweight\1.0-beta-6\wagon-http-lightweight-1.0-beta-6.jar;C:\Users\hvozd\.m2\repository\org\apache\maven\wagon\wagon-http-shared\1.0-beta-6\wagon-http-shared-1.0-beta-6.jar;C:\Users\hvozd\.m2\repository\nekohtml\xercesMinimal\1.9.6.2\xercesMinimal-1.9.6.2.jar;C:\Users\hvozd\.m2\repository\nekohtml\nekohtml\1.9.6.2\nekohtml-1.9.6.2.jar;C:\Users\hvozd\.m2\repository\org\apache\maven\wagon\wagon-http\1.0-beta-6\wagon-http-1.0-beta-6.jar;C:\Users\hvozd\.m2\repository\org\apache\maven\wagon\wagon-webdav-jackrabbit\1.0-beta-6\wagon-webdav-jackrabbit-1.0-beta-6.jar;C:\Users\hvozd\.m2\repository\org\apache\jackrabbit\jackrabbit-webdav\1.5.0\jackrabbit-webdav-1.5.0.jar;C:\Users\hvozd\.m2\repository\org\apache\jackrabbit\jackrabbit-jcr-commons\1.5.0\jackrabbit-jcr-commons-1.5.0.jar;C:\Users\hvozd\.m2\repository\commons-httpclient\commons-httpclient\3.0\commons-httpclient-3.0.jar;C:\Users\hvozd\.m2\repository\commons-codec\commons-codec\1.2\commons-codec-1.2.jar;C:\Users\hvozd\.m2\repository\org\slf4j\slf4j-nop\1.5.3\slf4j-nop-1.5.3.jar;C:\Users\hvozd\.m2\repository\org\slf4j\slf4j-jdk14\1.5.6\slf4j-jdk14-1.5.6.jar;C:\Users\hvozd\.m2\repository\org\slf4j\slf4j-api\1.5.6\slf4j-api-1.5.6.jar;C:\Users\hvozd\.m2\repository\org\slf4j\jcl-over-slf4j\1.5.6\jcl-over-slf4j-1.5.6.jar;C:\Users\hvozd\.m2\repository\org\apache\maven\reporting\maven-reporting-api\2.2.1\maven-reporting-api-2.2.1.jar;C:\Users\hvozd\.m2\repository\org\apache\maven\doxia\doxia-sink-api\1.1\doxia-sink-api-1.1.jar;C:\Users\hvozd\.m2\repository\org\apache\maven\doxia\doxia-logging-api\1.1\doxia-logging-api-1.1.jar;C:\Users\hvozd\.m2\repository\org\apache\maven\maven-profile\2.2.1\maven-profile-2.2.1.jar;C:\Users\hvozd\.m2\repository\org\apache\maven\wagon\wagon-provider-api\1.0-beta-6\wagon-provider-api-1.0-beta-6.jar;C:\Users\hvozd\.m2\repository\org\apache\maven\maven-repository-metadata\2.2.1\maven-repository-metadata-2.2.1.jar;C:\Users\hvozd\.m2\repository\org\apache\maven\maven-error-diagnostics\2.2.1\maven-error-diagnostics-2.2.1.jar;C:\Users\hvozd\.m2\repository\commons-cli\commons-cli\1.2\commons-cli-1.2.jar;C:\Users\hvozd\.m2\repository\org\apache\maven\wagon\wagon-ssh-external\1.0-beta-6\wagon-ssh-external-1.0-beta-6.jar;C:\Users\hvozd\.m2\repository\org\apache\maven\wagon\wagon-ssh-common\1.0-beta-6\wagon-ssh-common-1.0-beta-6.jar;C:\Users\hvozd\.m2\repository\org\apache\maven\maven-plugin-descriptor\2.2.1\maven-plugin-descriptor-2.2.1.jar;C:\Users\hvozd\.m2\repository\org\codehaus\plexus\plexus-interactivity-api\1.0-alpha-4\plexus-interactivity-api-1.0-alpha-4.jar;C:\Users\hvozd\.m2\repository\org\apache\maven\maven-artifact-manager\2.2.1\maven-artifact-manager-2.2.1.jar;C:\Users\hvozd\.m2\repository\backport-util-concurrent\backport-util-concurrent\3.1\backport-util-concurrent-3.1.jar;C:\Users\hvozd\.m2\repository\org\apache\maven\maven-monitor\2.2.1\maven-monitor-2.2.1.jar;C:\Users\hvozd\.m2\repository\org\apache\maven\wagon\wagon-ssh\1.0-beta-6\wagon-ssh-1.0-beta-6.jar;C:\Users\hvozd\.m2\repository\com\jcraft\jsch\0.1.38\jsch-0.1.38.jar;C:\Users\hvozd\.m2\repository\classworlds\classworlds\1.1\classworlds-1.1.jar;C:\Users\hvozd\.m2\repository\org\sonatype\plexus\plexus-sec-dispatcher\1.3\plexus-sec-dispatcher-1.3.jar;C:\Users\hvozd\.m2\repository\org\sonatype\plexus\plexus-cipher\1.4\plexus-cipher-1.4.jar;C:\Users\hvozd\.m2\repository\org\apache\maven\maven-project\2.2.1\maven-project-2.2.1.jar;C:\Users\hvozd\.m2\repository\org\apache\maven\maven-plugin-registry\2.2.1\maven-plugin-registry-2.2.1.jar;C:\Users\hvozd\.m2\repository\org\apache\maven\maven-artifact\2.2.1\maven-artifact-2.2.1.jar;C:\Users\hvozd\.m2\repository\org\apache\maven\maven-model\2.2.1\maven-model-2.2.1.jar;C:\Users\hvozd\.m2\repository\org\apache\maven\shared\maven-common-artifact-filters\1.4\maven-common-artifact-filters-1.4.jar;C:\Users\hvozd\.m2\repository\org\codehaus\plexus\plexus-interpolation\1.15\plexus-interpolation-1.15.jar;C:\Users\hvozd\.m2\repository\org\codehaus\plexus\plexus-archiver\2.1\plexus-archiver-2.1.jar;C:\Users\hvozd\.m2\repository\org\apache\maven\shared\file-management\1.1\file-management-1.1.jar;C:\Users\hvozd\.m2\repository\org\apache\maven\shared\maven-shared-io\1.1\maven-shared-io-1.1.jar;C:\Users\hvozd\.m2\repository\org\apache\maven\shared\maven-filtering\1.0\maven-filtering-1.0.jar;C:\Users\hvozd\.m2\repository\org\sonatype\plexus\plexus-build-api\0.0.4\plexus-build-api-0.0.4.jar;C:\Users\hvozd\.m2\repository\org\codehaus\plexus\plexus-io\2.0.2\plexus-io-2.0.2.jar;C:\Users\hvozd\.m2\repository\org\apache\maven\maven-archiver\2.5\maven-archiver-2.5.jar;C:\Users\hvozd\.m2\repository\org\codehaus\plexus\plexus-container-default\1.0-alpha-9-stable-1\plexus-container-default-1.0-alpha-9-stable-1.jar;C:\Users\hvozd\.m2\repository\junit\junit\3.8.1\junit-3.8.1.jar;C:\Users\hvozd\.m2\repository\org\codehaus\plexus\plexus-utils\3.0\plexus-utils-3.0.jar;C:\Users\hvozd\.m2\repository\org\apache\maven\shared\maven-repository-builder\1.0-alpha-2\maven-repository-builder-1.0-alpha-2.jar;C:\Users\hvozd\.m2\repository\net\tirasa\connid\connector-framework\1.5.0.17\connector-framework-1.5.0.17.jar;C:\Users\hvozd\.m2\repository\net\tirasa\connid\connector-framework-internal\1.5.0.17\connector-framework-internal-1.5.0.17.jar;C:\Users\hvozd\.m2\repository\org\testng\testng\7.4.0\testng-7.4.0.jar;C:\Users\hvozd\.m2\repository\com\beust\jcommander\1.78\jcommander-1.78.jar;C:\Users\hvozd\.m2\repository\org\webjars\jquery\3.5.1\jquery-3.5.1.jar;C:\Users\hvozd\.m2\repository\com\google\code\gson\gson\2.8.7\gson-2.8.7.jar;C:\Users\hvozd\.m2\repository\net\tirasa\connid\connector-test-common\1.4.2.35\connector-test-common-1.4.2.35.jar;C:\Users\hvozd\.m2\repository\commons-io\commons-io\2.4\commons-io-2.4.jar;C:\Users\hvozd\.m2\repository\net\tirasa\connid\connector-framework-contract\1.4.2.35\connector-framework-contract-1.4.2.35.jar;C:\Users\hvozd\.m2\repository\org\codehaus\groovy\groovy-all\2.4.11\groovy-all-2.4.11.jar;C:\Users\hvozd\.m2\repository\com\google\inject\guice\3.0\guice-3.0.jar;C:\Users\hvozd\.m2\repository\javax\inject\javax.inject\1\javax.inject-1.jar;C:\Users\hvozd\.m2\repository\aopalliance\aopalliance\1.0\aopalliance-1.0.jar;"/>
    <property name="sun.cpu.endian" value="little"/>
    <property name="user.home" value="C:\Users\hvozd"/>
    <property name="user.language" value="sk"/>
    <property name="java.specification.vendor" value="Oracle Corporation"/>
    <property name="java.version.date" value="2021-07-20"/>
    <property name="java.home" value="C:\Program Files\Java\jdk-11.0.12"/>
    <property name="file.separator" value="\"/>
    <property name="basedir" value="C:\Users\hvozd\OneDrive\Počítač\projects\evolveum\connector-neo4j"/>
    <property name="java.vm.compressedOopsMode" value="Zero based"/>
    <property name="line.separator" value="&#10;"/>
    <property name="java.specification.name" value="Java Platform API Specification"/>
    <property name="java.vm.specification.vendor" value="Oracle Corporation"/>
    <property name="java.awt.graphicsenv" value="sun.awt.Win32GraphicsEnvironment"/>
    <property name="surefire.real.class.path" value="C:\Users\hvozd\AppData\Local\Temp\surefire6638531829584080129\surefirebooter12841877833695239786.jar"/>
    <property name="user.script" value=""/>
    <property name="sun.management.compiler" value="HotSpot 64-Bit Tiered Compilers"/>
    <property name="java.runtime.version" value="11.0.12+8-LTS-237"/>
    <property name="user.name" value="hvozd"/>
    <property name="path.separator" value=";"/>
    <property name="os.version" value="10.0"/>
    <property name="java.runtime.name" value="Java(TM) SE Runtime Environment"/>
    <property name="file.encoding" value="Cp1250"/>
    <property name="java.vm.name" value="Java HotSpot(TM) 64-Bit Server VM"/>
    <property name="java.vendor.version" value="18.9"/>
    <property name="localRepository" value="C:\Users\hvozd\.m2\repository"/>
    <property name="java.vendor.url.bug" value="https://bugreport.java.com/bugreport/"/>
    <property name="java.io.tmpdir" value="C:\Users\hvozd\AppData\Local\Temp\"/>
    <property name="idea.version" value="2020.3.4"/>
    <property name="java.version" value="11.0.12"/>
    <property name="user.dir" value="C:\Users\hvozd\OneDrive\Počítač\projects\evolveum\connector-neo4j"/>
    <property name="os.arch" value="amd64"/>
    <property name="java.vm.specification.name" value="Java Virtual Machine Specification"/>
    <property name="java.awt.printerjob" value="sun.awt.windows.WPrinterJob"/>
    <property name="sun.os.patch.level" value=""/>
    <property name="java.library.path" value="C:\Program Files\Java\jdk-11.0.12\bin;C:\Windows\Sun\Java\bin;C:\Windows\system32;C:\Windows;C:\Program Files\Java\jdk-11.0.12\bin;C:\Program Files\Common Files\Oracle\Java\javapath;C:\Windows\system32;C:\Windows;C:\Windows\System32\Wbem;C:\Windows\System32\WindowsPowerShell\v1.0\;C:\Windows\System32\OpenSSH\;C:\Program Files\Microsoft VS Code\bin;C:\Program Files\Git\cmd;C:\Users\hvozd\OneDrive\Dokumenty\apache-ant-1.9.15\bin;C:\Program Files (x86)\Windows Kits\8.1\Windows Performance Toolkit\;C:\Program Files (x86)\NVIDIA Corporation\PhysX\Common;C:\Program Files\NVIDIA Corporation\Nsight Compute 2020.3.1\;C:\Program Files\nodejs\;C:\Program Files\apache-maven-3.8.1\bin;C:\Program Files\Docker\Docker\resources\bin;C:\ProgramData\DockerDesktop\version-bin;C:\Program Files (x86)\EAC MW klient\;C:\Program Files\PuTTY\;C:\Program Files\Java\jdk-11.0.12\bin;C:\Users\hvozd\AppData\Local\Programs\Python\Python39\Scripts\;C:\Users\hvozd\AppData\Local\Programs\Python\Python39\;C:\Users\hvozd\AppData\Local\Microsoft\WindowsApps;C:\Program Files\JetBrains\IntelliJ IDEA 2020.2.1\bin;;C:\Users\hvozd\OneDrive\Dokumenty\apache-ant-1.9.15\bin;C:\Users\hvozd\AppData\Roaming\npm;;."/>
    <property name="java.vendor" value="Oracle Corporation"/>
    <property name="java.vm.info" value="mixed mode"/>
    <property name="java.vm.version" value="11.0.12+8-LTS-237"/>
    <property name="sun.io.unicode.encoding" value="UnicodeLittle"/>
    <property name="java.class.version" value="55.0"/>
  </properties>
  <testcase name="createUserTest" classname="sk.tuke.mt.CreateOpTest" time="0.005"/>
  <testcase name="testGoodConfiguration" classname="sk.tuke.mt.TestOpTest" time="0.993"/>
</testsuite>