<?xml version="1.0" encoding="UTF-8"?>
<!-- Generated by org.testng.reporters.JUnitReportReporter -->
<testsuite hostname="DESKTOP-PLDFIRO" failures="0" tests="1" name="sk.tuke.mt.CreateOpTest" time="0.002" errors="0" timestamp="2021-08-31T15:04:50 SELÄŒ" skipped="0">
  <testcase classname="sk.tuke.mt.CreateOpTest" name="createUserTest" time="0.002"/>
  <system-out/>
</testsuite> <!-- sk.tuke.mt.CreateOpTest -->
